<component name="libraryTable">
  <library name="junit-4.11">
    <CLASSES>
      <root url="jar://F:/JAVA资料/Jar/junit4.11 jar包完整版下载/junit-4.11.jar!/" />
    </CLASSES>
    <JAVADOC />
    <SOURCES />
  </library>
</component>